<?xml version="1.0" encoding="UTF-8"?>
<testng-results ignored="0" total="1" passed="1" failed="0" skipped="0">
  <reporter-output>
  </reporter-output>
  <suite started-at="2025-10-20T23:35:42 IST" name="Default suite" finished-at="2025-10-20T23:35:56 IST" duration-ms="14228">
    <groups>
    </groups>
    <test started-at="2025-10-20T23:35:42 IST" name="Default test" finished-at="2025-10-20T23:35:56 IST" duration-ms="14228">
      <class name="QA.AK.TestCases.TC_001">
        <test-method is-config="true" signature="IntiateDriver()[pri:0, instance:QA.AK.TestCases.TC_001@2b71e916]" started-at="2025-10-20T23:35:42 IST" name="IntiateDriver" finished-at="2025-10-20T23:35:46 IST" duration-ms="4503" status="PASS">
          <reporter-output>
          </reporter-output>
        </test-method> <!-- IntiateDriver -->
        <test-method is-config="true" signature="URLLaunch()[pri:0, instance:QA.AK.TestCases.TC_001@2b71e916]" started-at="2025-10-20T23:35:46 IST" name="URLLaunch" finished-at="2025-10-20T23:35:53 IST" duration-ms="6432" status="PASS">
          <reporter-output>
          </reporter-output>
        </test-method> <!-- URLLaunch -->
        <test-method signature="LoginLogics()[pri:0, instance:QA.AK.TestCases.TC_001@2b71e916]" started-at="2025-10-20T23:35:53 IST" name="LoginLogics" finished-at="2025-10-20T23:35:55 IST" duration-ms="2652" status="PASS">
          <reporter-output>
          </reporter-output>
        </test-method> <!-- LoginLogics -->
        <test-method is-config="true" signature="quit()[pri:0, instance:QA.AK.TestCases.TC_001@2b71e916]" started-at="2025-10-20T23:35:55 IST" name="quit" finished-at="2025-10-20T23:35:56 IST" duration-ms="537" status="PASS">
          <reporter-output>
          </reporter-output>
        </test-method> <!-- quit -->
      </class> <!-- QA.AK.TestCases.TC_001 -->
    </test> <!-- Default test -->
  </suite> <!-- Default suite -->
</testng-results>
