<?xml version="1.0" encoding="UTF-8"?>
<testng-results ignored="0" total="1" passed="1" failed="0" skipped="0">
  <reporter-output>
  </reporter-output>
  <suite started-at="2025-10-11T00:03:12 IST" name="Default suite" finished-at="2025-10-11T00:03:23 IST" duration-ms="11912">
    <groups>
    </groups>
    <test started-at="2025-10-11T00:03:12 IST" name="Default test" finished-at="2025-10-11T00:03:23 IST" duration-ms="11912">
      <class name="QA.AK.DriverSetUP.BrowserLaunch">
        <test-method signature="DriverSetUp()[pri:0, instance:QA.AK.DriverSetUP.BrowserLaunch@222545dc]" started-at="2025-10-11T00:03:12 IST" name="DriverSetUp" finished-at="2025-10-11T00:03:23 IST" duration-ms="11849" status="PASS">
          <reporter-output>
          </reporter-output>
        </test-method> <!-- DriverSetUp -->
      </class> <!-- QA.AK.DriverSetUP.BrowserLaunch -->
    </test> <!-- Default test -->
  </suite> <!-- Default suite -->
</testng-results>
