<?xml version="1.0" encoding="UTF-8"?>
<!-- Generated by org.testng.reporters.JUnitXMLReporter -->
<testsuite ignored="0" hostname="DESKTOP-DUDBIK6" failures="1" tests="1" name="Test" time="8.034" errors="0" timestamp="2025-10-20T20:09:36 IST">
  <testcase classname="QA.AK.TestCases.TC_001" name="m2" time="3.411">
    <failure type="java.lang.NullPointerException" message="Cannot invoke &amp;quot;org.openqa.selenium.WebDriver.findElement(org.openqa.selenium.By)&amp;quot; because &amp;quot;driver&amp;quot; is null">
      <![CDATA[java.lang.NullPointerException: Cannot invoke "org.openqa.selenium.WebDriver.findElement(org.openqa.selenium.By)" because "driver" is null
at org.openqa.selenium.support.ui.ExpectedConditions$7.apply(ExpectedConditions.java:194)
at org.openqa.selenium.support.ui.ExpectedConditions$7.apply(ExpectedConditions.java:190)
at org.openqa.selenium.support.ui.FluentWait.until(FluentWait.java:203)
at QA.AK.Utilities.ElementActions.EnterText(ElementActions.java:43)
at QA.AK.PageBusinessLogics.LoginPage.login(LoginPage.java:17)
at QA.AK.TestCases.TC_001.m2(TC_001.java:39)
at java.base/java.util.ArrayList.forEach(ArrayList.java:1604)
... Removed 25 stack frames]]>
    </failure>
  </testcase> <!-- m2 -->
</testsuite> <!-- Test -->
